[16:07:20] [main/INFO]: Environment: authHost='https://authserver.mojang.com', accountsHost='https://api.mojang.com', sessionHost='https://sessionserver.mojang.com', servicesHost='https://api.minecraftservices.com', name='PROD'
[16:07:20] [main/INFO]: Reloading ResourceManager: Default, bukkit
[16:07:21] [Worker-Main-2/INFO]: Loaded 7 recipes
[16:07:22] [Server thread/INFO]: Starting minecraft server version 1.16.4
[16:07:22] [Server thread/INFO]: Loading properties
[16:07:22] [Server thread/INFO]: This server is running Paper version git-Paper-416 (MC: 1.16.4) (Implementing API version 1.16.4-R0.1-SNAPSHOT)
[16:07:22] [Server thread/INFO]: Debug logging is disabled
[16:07:22] [Server thread/INFO]: Server Ping Player Sample Count: 12
[16:07:22] [Server thread/INFO]: Using 4 threads for Netty based IO
[16:07:22] [Server thread/INFO]: Default game type: SURVIVAL
[16:07:22] [Server thread/INFO]: Generating keypair
[16:07:23] [Server thread/INFO]: Starting Minecraft server on *:25565
[16:07:23] [Server thread/INFO]: Using epoll channel type
[16:07:23] [Server thread/INFO]: [voicechat] Loading voicechat v2.5.29
[16:07:23] [Server thread/INFO]: [SkinsRestorer] Loading SkinsRestorer v15.6.1
[16:07:23] [Server thread/INFO]: [TPA] Loading TPA v3.2.3
[16:07:23] [Server thread/INFO]: [LoginSecurity] Loading LoginSecurity v3.3.0
[16:07:23] [Server thread/INFO]: Server permissions file permissions.yml is empty, ignoring it
[16:07:23] [Server thread/INFO]: [SkinsRestorer] Enabling SkinsRestorer v15.6.1
[16:07:24] [Server thread/WARN]: [33;1m[[32;22mSkinsRestorer[33;1m] [0;39m[33;1mYou must agree to the rules at 'commands.perSkinPermissionsConsent' in the config to use per skin permissions.[0;39m
[16:07:24] [Server thread/INFO]: [33;1m[[32;22mSkinsRestorer[33;1m] [0;39m[32;1mRunning on Minecraft [33;1m1.16.4[32;1m.[0;39m
[16:07:24] [Server thread/INFO]: [33;1m[[32;22mSkinsRestorer[33;1m] [0;39mUsing paper join listener![0;39m
[16:07:24] [Server thread/WARN]: [33;1m[[32;22mSkinsRestorer[33;1m] [0;39m[33;1m[33;1mYou are running an outdated Java version, please update it to at least Java 21 (your version is 11).[0;39m
[16:07:24] [Server thread/WARN]: [33;1m[[32;22mSkinsRestorer[33;1m] [0;39m[33;1m[33;1mSkinsRestorer no longer officially supports this version of Java, you are currently using an unsupported compatibility build.[0;39m
[16:07:24] [Server thread/WARN]: [33;1m[[32;22mSkinsRestorer[33;1m] [0;39m[33;1m[33;1mYou can still use the plugin, but you may encounter issues that are not present in newer versions of Java.[0;39m
[16:07:24] [Server thread/WARN]: **** SERVER IS RUNNING IN OFFLINE/INSECURE MODE!
[16:07:24] [Server thread/WARN]: The server will make no attempt to authenticate usernames. Beware.
[16:07:24] [Server thread/WARN]: While this makes the game possible to play without internet access, it also opens up the ability for hackers to connect with any username they choose.
[16:07:24] [Server thread/WARN]: To change this, set "online-mode" to "true" in the server.properties file.
[16:07:24] [Server thread/INFO]: Preparing level "world"
[16:07:25] [Server thread/INFO]: Preparing start region for dimension minecraft:overworld
[16:07:25] [Server thread/INFO]: Loaded 0 spawn chunks for world world
[16:07:25] [Server thread/INFO]: Preparing spawn area: 0%
[16:07:25] [Server thread/INFO]: Preparing spawn area: 0%
[16:07:25] [Server thread/INFO]: Time elapsed: 704 ms
[16:07:25] [Server thread/INFO]: Preparing start region for dimension minecraft:the_nether
[16:07:26] [Server thread/INFO]: Loaded 0 spawn chunks for world world_nether
[16:07:26] [Server thread/INFO]: Time elapsed: 293 ms
[16:07:26] [Server thread/INFO]: [voicechat] Enabling voicechat v2.5.29
[16:07:26] [Server thread/INFO]: [voicechat] Initializing compatibility for Bukkit version 1.16.4-R0.1
[16:07:26] [Server thread/INFO]: [voicechat] Compatibility version 18
[16:07:26] [Server thread/INFO]: [voicechat] Successfully initialized commodore command completion
[16:07:26] [Server thread/INFO]: [TPA] Enabling TPA v3.2.3
[16:07:26] [Server thread/INFO]: [LoginSecurity] Enabling LoginSecurity v3.3.0
[16:07:26] [Server thread/INFO]: [LoginSecurity] Loading base translations from "en_us"
[16:07:26] [Server thread/INFO]: [LoginSecurity] Loading specified translations from "en_us"
[16:07:26] [Server thread/INFO]: [LoginSecurity] Registering commands...
[16:07:26] [Server thread/INFO]: [LoginSecurity] Registering listeners...
[16:07:26] [Server thread/INFO]: [LoginSecurity] Using 1.12+ map captcha renderer
[16:07:26] [Server thread/INFO]: Running delayed init tasks
[16:07:26] [Server thread/INFO]: [voicechat] Loading plugins
[16:07:26] [Server thread/INFO]: [voicechat] Loaded 0 plugin(s)
[16:07:26] [Server thread/INFO]: [voicechat] Initializing plugins
[16:07:26] [Server thread/INFO]: [voicechat] Initialized 0 plugin(s)
[16:07:26] [Server thread/WARN]: [voicechat] Running in offline mode - Voice chat encryption is not secure!
[16:07:26] [Server thread/INFO]: Done (4.007s)! For help, type "help"
[16:07:26] [Server thread/INFO]: Timings Reset
[16:07:26] [VoiceChatServerThread/INFO]: [voicechat] Voice chat server started at port 24454
[16:07:27] [Craft Scheduler Thread - 0/INFO]: [TPA] 插件已成功加载！当前版本为：3.2.3
[16:07:27] [Craft Scheduler Thread - 0/INFO]: [TPA] 正在检查更新...
[16:07:27] [Craft Scheduler Thread - 0/INFO]: [TPA] 当前已是最新版本
[16:07:27] [Craft Scheduler Thread - 3/INFO]: [33;1m[[32;22mSkinsRestorer[33;1m] [0;39m[32;1m----------------------------------------------[0;39m
[16:07:27] [Craft Scheduler Thread - 3/INFO]: [33;1m[[32;22mSkinsRestorer[33;1m] [0;39m[32;1m    +==================+[0;39m
[16:07:27] [Craft Scheduler Thread - 3/INFO]: [33;1m[[32;22mSkinsRestorer[33;1m] [0;39m[32;1m    |   SkinsRestorer  |[0;39m
[16:07:27] [Craft Scheduler Thread - 3/INFO]: [33;1m[[32;22mSkinsRestorer[33;1m] [0;39m[32;1m    |------------------|[0;39m
[16:07:27] [Craft Scheduler Thread - 3/INFO]: [33;1m[[32;22mSkinsRestorer[33;1m] [0;39m[32;1m    |  [34;1m[4m[21mStandalone Mode[0;39m[32;1m |[0;39m
[16:07:27] [Craft Scheduler Thread - 3/INFO]: [33;1m[[32;22mSkinsRestorer[33;1m] [0;39m[32;1m    +==================+[0;39m
[16:07:27] [Craft Scheduler Thread - 3/INFO]: [33;1m[[32;22mSkinsRestorer[33;1m] [0;39m[32;1m----------------------------------------------[0;39m
[16:07:27] [Craft Scheduler Thread - 3/INFO]: [33;1m[[32;22mSkinsRestorer[33;1m] [0;39m[36;1m    Version: [32;1m15.6.1[0;39m
[16:07:27] [Craft Scheduler Thread - 3/INFO]: [33;1m[[32;22mSkinsRestorer[33;1m] [0;39m[36;1m    Commit: [32;1m8687003[0;39m
[16:07:27] [Craft Scheduler Thread - 3/INFO]: [33;1m[[32;22mSkinsRestorer[33;1m] [0;39m[32;1m    This is the latest version![0;39m
[16:07:27] [Craft Scheduler Thread - 3/INFO]: [33;1m[[32;22mSkinsRestorer[33;1m] [0;39m[32;1m----------------------------------------------[0;39m
[16:07:27] [Craft Scheduler Thread - 3/INFO]: [33;1m[[32;22mSkinsRestorer[33;1m] [0;39m[34;1mDo you have issues? Read our troubleshooting guide: [33;1mhttps://skinsrestorer.net/docs/troubleshooting[0;39m
[16:07:27] [Craft Scheduler Thread - 3/INFO]: [33;1m[[32;22mSkinsRestorer[33;1m] [0;39m[34;1mWant to support SkinsRestorer? Consider donating: [33;1mhttps://skinsrestorer.net/donate[0;39m
